<?xml version="1.0" encoding="UTF-8"?>
<testsuite xmlns:xsi="http://www.w3.org/2001/XMLSchema-instance" xsi:schemaLocation="https://maven.apache.org/surefire/maven-surefire-plugin/xsd/surefire-test-report.xsd" name="TestSuite" time="120.583" tests="22" errors="0" skipped="0" failures="0">
  <properties>
    <property name="java.runtime.name" value="Java(TM) SE Runtime Environment"/>
    <property name="java.vm.version" value="11.0.14+8-LTS-263"/>
    <property name="sun.boot.library.path" value="C:\Program Files\jdk-11.0.14\bin"/>
    <property name="maven.multiModuleProjectDirectory" value="D:\Talha\SQA\Github\seleniumHybridFrameWorkProject"/>
    <property name="java.vm.vendor" value="Oracle Corporation"/>
    <property name="java.vendor.url" value="https://openjdk.java.net/"/>
    <property name="guice.disable.misplaced.annotation.check" value="true"/>
    <property name="path.separator" value=";"/>
    <property name="java.vm.name" value="Java HotSpot(TM) 64-Bit Server VM"/>
    <property name="sun.os.patch.level" value=""/>
    <property name="user.script" value=""/>
    <property name="user.country" value="US"/>
    <property name="sun.java.launcher" value="SUN_STANDARD"/>
    <property name="java.vm.specification.name" value="Java Virtual Machine Specification"/>
    <property name="user.dir" value="D:\Talha\SQA\Github\seleniumHybridFrameWorkProject"/>
    <property name="java.vm.compressedOopsMode" value="Zero based"/>
    <property name="java.runtime.version" value="11.0.14+8-LTS-263"/>
    <property name="java.awt.graphicsenv" value="sun.awt.Win32GraphicsEnvironment"/>
    <property name="os.arch" value="amd64"/>
    <property name="java.io.tmpdir" value="C:\Users\Talha\AppData\Local\Temp\"/>
    <property name="line.separator" value="&#10;"/>
    <property name="java.vm.specification.vendor" value="Oracle Corporation"/>
    <property name="user.variant" value=""/>
    <property name="os.name" value="Windows 11"/>
    <property name="classworlds.conf" value="C:\Program Files\apache-maven-3.8.6\bin\m2.conf"/>
    <property name="sun.jnu.encoding" value="Cp1252"/>
    <property name="java.library.path" value="C:\Program Files\jdk-11.0.14\bin;C:\Windows\Sun\Java\bin;C:\Windows\system32;C:\Windows;C:\Windows\system32;C:\Windows;C:\Windows\System32\Wbem;C:\Windows\System32\WindowsPowerShell\v1.0\;C:\Windows\System32\OpenSSH\;C:\Program Files\apache-maven-3.8.6\bin;C:\Program Files\nodejs\;C:\Program Files\Git\cmd;C:\Program Files\jdk-11.0.14\bin;D:\Talha\SQA\Software\apache-maven-3.8.1\bin;D:\Talha\SQA\Software\allure-commandline-2.12.1\allure-2.12.1\bin;C:\Users\Talha\AppData\Local\Microsoft\WindowsApps;C:\Users\Talha\AppData\Roaming\npm;C:\Users\Talha\AppData\Local\Programs\Microsoft VS Code\bin;."/>
    <property name="maven.conf" value="C:\Program Files\apache-maven-3.8.6/conf"/>
    <property name="jdk.debug" value="release"/>
    <property name="java.class.version" value="55.0"/>
    <property name="java.specification.name" value="Java Platform API Specification"/>
    <property name="sun.management.compiler" value="HotSpot 64-Bit Tiered Compilers"/>
    <property name="os.version" value="10.0"/>
    <property name="library.jansi.path" value="C:\Program Files\apache-maven-3.8.6\lib\jansi-native"/>
    <property name="user.home" value="C:\Users\Talha"/>
    <property name="user.timezone" value="Asia/Dhaka"/>
    <property name="java.awt.printerjob" value="sun.awt.windows.WPrinterJob"/>
    <property name="file.encoding" value="Cp1252"/>
    <property name="java.specification.version" value="11"/>
    <property name="user.name" value="Talha"/>
    <property name="java.class.path" value="C:\Program Files\apache-maven-3.8.6\boot\plexus-classworlds-2.6.0.jar"/>
    <property name="java.vm.specification.version" value="11"/>
    <property name="sun.arch.data.model" value="64"/>
    <property name="sun.java.command" value="org.codehaus.plexus.classworlds.launcher.Launcher clean test"/>
    <property name="java.home" value="C:\Program Files\jdk-11.0.14"/>
    <property name="user.language" value="en"/>
    <property name="java.specification.vendor" value="Oracle Corporation"/>
    <property name="awt.toolkit" value="sun.awt.windows.WToolkit"/>
    <property name="java.vm.info" value="mixed mode"/>
    <property name="java.version" value="11.0.14"/>
    <property name="java.vendor" value="Oracle Corporation"/>
    <property name="sun.stderr.encoding" value="cp437"/>
    <property name="maven.home" value="C:\Program Files\apache-maven-3.8.6"/>
    <property name="file.separator" value="\"/>
    <property name="java.version.date" value="2022-01-18"/>
    <property name="java.vendor.url.bug" value="https://bugreport.java.com/bugreport/"/>
    <property name="sun.io.unicode.encoding" value="UnicodeLittle"/>
    <property name="sun.cpu.endian" value="little"/>
    <property name="java.vendor.version" value="18.9"/>
    <property name="sun.stdout.encoding" value="cp437"/>
    <property name="sun.desktop" value="windows"/>
    <property name="sun.cpu.isalist" value="amd64"/>
  </properties>
  <testcase name="digestAuthentication" classname="com.saucedemo.swaglabs.testCases.DigestAuthentication" time="3.786"/>
  <testcase name="checkboxes" classname="com.saucedemo.swaglabs.testCases.Checkboxes" time="4.72"/>
  <testcase name="contextMenu" classname="com.saucedemo.swaglabs.testCases.ContextMenu" time="5.004"/>
  <testcase name="horizontalSlider" classname="com.saucedemo.swaglabs.testCases.HorizontalSlider" time="6.166"/>
  <testcase name="basicAuth" classname="com.saucedemo.swaglabs.testCases.BasicAuth" time="6.588"/>
  <testcase name="dynamicContent" classname="com.saucedemo.swaglabs.testCases.DynamicContent" time="7.669"/>
  <testcase name="infiniteScroll" classname="com.saucedemo.swaglabs.testCases.InfiniteScroll" time="7.725"/>
  <testcase name="forgotPassword" classname="com.saucedemo.swaglabs.testCases.ForgotPassword" time="9.04"/>
  <testcase name="brokenImage" classname="com.saucedemo.swaglabs.testCases.BrokenImage" time="14.486"/>
  <testcase name="dynamicControl" classname="com.saucedemo.swaglabs.testCases.DynamicControl" time="15.823"/>
  <testcase name="addRemoveElements" classname="com.saucedemo.swaglabs.testCases.AddRemoveElements" time="16.97"/>
  <testcase name="formAuth" classname="com.saucedemo.swaglabs.testCases.FormAuth" time="20.564"/>
  <testcase name="dropDown" classname="com.saucedemo.swaglabs.testCases.DropDown" time="20.943"/>
  <testcase name="disappearingElements" classname="com.saucedemo.swaglabs.testCases.DisappearingElements" time="24.383"/>
  <testcase name="iframe" classname="com.saucedemo.swaglabs.testCases.Iframe" time="0.535"/>
  <testcase name="input" classname="com.saucedemo.swaglabs.testCases.Input" time="2.404"/>
  <testcase name="multipleWindows" classname="com.saucedemo.swaglabs.testCases.MultipleWindows" time="12.673"/>
  <testcase name="nestedFrames" classname="com.saucedemo.swaglabs.testCases.NestedFrames" time="13.794"/>
  <testcase name="mouseHover" classname="com.saucedemo.swaglabs.testCases.MouseHover" time="19.08"/>
  <testcase name="notificationMessage" classname="com.saucedemo.swaglabs.testCases.NotificationMessage" time="26.834"/>
  <testcase name="javaScriptAlert" classname="com.saucedemo.swaglabs.testCases.JavaScriptAlert" time="32.278"/>
  <testcase name="redirectLink" classname="com.saucedemo.swaglabs.testCases.RedirectLink" time="43.047"/>
</testsuite>