<?xml version="1.0" encoding="UTF-8"?>
<testsuite xmlns:xsi="http://www.w3.org/2001/XMLSchema-instance" xsi:schemaLocation="https://maven.apache.org/surefire/maven-surefire-plugin/xsd/surefire-test-report.xsd" name="TestSuite" time="603.526" tests="26" errors="0" skipped="0" failures="5">
  <properties>
    <property name="java.runtime.name" value="Java(TM) SE Runtime Environment"/>
    <property name="java.vm.version" value="18+36-2087"/>
    <property name="sun.boot.library.path" value="C:\Program Files\jdk-18_windows-x64_bin\jdk-18\bin"/>
    <property name="maven.multiModuleProjectDirectory" value="D:\Talha\SQA\Github\seleniumHybridFrameWorkProject"/>
    <property name="java.vm.vendor" value="Oracle Corporation"/>
    <property name="java.vendor.url" value="https://java.oracle.com/"/>
    <property name="guice.disable.misplaced.annotation.check" value="true"/>
    <property name="path.separator" value=";"/>
    <property name="java.vm.name" value="Java HotSpot(TM) 64-Bit Server VM"/>
    <property name="sun.os.patch.level" value=""/>
    <property name="user.script" value=""/>
    <property name="user.country" value="US"/>
    <property name="sun.java.launcher" value="SUN_STANDARD"/>
    <property name="java.vm.specification.name" value="Java Virtual Machine Specification"/>
    <property name="user.dir" value="D:\Talha\SQA\Github\seleniumHybridFrameWorkProject"/>
    <property name="java.vm.compressedOopsMode" value="Zero based"/>
    <property name="java.runtime.version" value="18+36-2087"/>
    <property name="os.arch" value="amd64"/>
    <property name="java.io.tmpdir" value="C:\Users\Talha\AppData\Local\Temp\"/>
    <property name="line.separator" value="&#10;"/>
    <property name="java.vm.specification.vendor" value="Oracle Corporation"/>
    <property name="user.variant" value=""/>
    <property name="os.name" value="Windows 11"/>
    <property name="classworlds.conf" value="C:\Program Files\apache-maven-3.8.5-bin\apache-maven-3.8.5\bin\m2.conf"/>
    <property name="sun.jnu.encoding" value="Cp1252"/>
    <property name="java.library.path" value="C:\Program Files\jdk-18_windows-x64_bin\jdk-18\bin;C:\Windows\Sun\Java\bin;C:\Windows\system32;C:\Windows;C:\Windows\system32;C:\Windows;C:\Windows\System32\Wbem;C:\Windows\System32\WindowsPowerShell\v1.0\;C:\Windows\System32\OpenSSH\;C:\Program Files\nodejs\;C:\Program Files\Git\cmd;C:\Program Files\apache-maven-3.8.5-bin\apache-maven-3.8.5\bin;C:\Program Files\jdk-18_windows-x64_bin\jdk-18\bin;C:\Users\Talha\AppData\Local\Microsoft\WindowsApps;C:\Users\Talha\AppData\Roaming\npm;C:\Users\Talha\AppData\Local\Programs\Microsoft VS Code\bin;."/>
    <property name="maven.conf" value="C:\Program Files\apache-maven-3.8.5-bin\apache-maven-3.8.5/conf"/>
    <property name="jdk.debug" value="release"/>
    <property name="java.class.version" value="62.0"/>
    <property name="java.specification.name" value="Java Platform API Specification"/>
    <property name="sun.management.compiler" value="HotSpot 64-Bit Tiered Compilers"/>
    <property name="os.version" value="10.0"/>
    <property name="library.jansi.path" value="C:\Program Files\apache-maven-3.8.5-bin\apache-maven-3.8.5\lib\jansi-native"/>
    <property name="user.home" value="C:\Users\Talha"/>
    <property name="user.timezone" value="Asia/Dhaka"/>
    <property name="file.encoding" value="UTF-8"/>
    <property name="java.specification.version" value="18"/>
    <property name="user.name" value="Talha"/>
    <property name="java.class.path" value="C:\Program Files\apache-maven-3.8.5-bin\apache-maven-3.8.5\boot\plexus-classworlds-2.6.0.jar"/>
    <property name="java.vm.specification.version" value="18"/>
    <property name="sun.arch.data.model" value="64"/>
    <property name="sun.java.command" value="org.codehaus.plexus.classworlds.launcher.Launcher test"/>
    <property name="java.home" value="C:\Program Files\jdk-18_windows-x64_bin\jdk-18"/>
    <property name="user.language" value="en"/>
    <property name="java.specification.vendor" value="Oracle Corporation"/>
    <property name="java.vm.info" value="mixed mode, sharing"/>
    <property name="java.version" value="18"/>
    <property name="native.encoding" value="Cp1252"/>
    <property name="java.vendor" value="Oracle Corporation"/>
    <property name="sun.stderr.encoding" value="cp437"/>
    <property name="maven.home" value="C:\Program Files\apache-maven-3.8.5-bin\apache-maven-3.8.5"/>
    <property name="file.separator" value="\"/>
    <property name="java.version.date" value="2022-03-22"/>
    <property name="java.vendor.url.bug" value="https://bugreport.java.com/bugreport/"/>
    <property name="sun.io.unicode.encoding" value="UnicodeLittle"/>
    <property name="sun.cpu.endian" value="little"/>
    <property name="sun.stdout.encoding" value="cp437"/>
    <property name="sun.cpu.isalist" value="amd64"/>
  </properties>
  <testcase name="addRemoveElements" classname="com.saucedemo.swaglabs.testCases.AddRemoveElements" time="20.925"/>
  <testcase name="dropDown" classname="com.saucedemo.swaglabs.testCases.DropDown" time="25.715"/>
  <testcase name="forgotPassword" classname="com.saucedemo.swaglabs.testCases.ForgotPassword" time="12.834"/>
  <testcase name="basicAuth" classname="com.saucedemo.swaglabs.testCases.BasicAuth" time="11.593"/>
  <testcase name="dynamicContent" classname="com.saucedemo.swaglabs.testCases.DynamicContent" time="12.788"/>
  <testcase name="formAuth" classname="com.saucedemo.swaglabs.testCases.FormAuth" time="22.722"/>
  <testcase name="brokenImage" classname="com.saucedemo.swaglabs.testCases.BrokenImage" time="16.323"/>
  <testcase name="dynamicControl" classname="com.saucedemo.swaglabs.testCases.DynamicControl" time="15.933"/>
  <testcase name="horizontalSlider" classname="com.saucedemo.swaglabs.testCases.HorizontalSlider" time="7.886"/>
  <testcase name="checkboxes" classname="com.saucedemo.swaglabs.testCases.Checkboxes" time="9.548"/>
  <testcase name="iframe" classname="com.saucedemo.swaglabs.testCases.Iframe" time="49.597"/>
  <testcase name="contextMenu" classname="com.saucedemo.swaglabs.testCases.ContextMenu" time="10.819"/>
  <testcase name="infiniteScroll" classname="com.saucedemo.swaglabs.testCases.InfiniteScroll" time="18.072">
    <failure message="java.net.ConnectException: Failed to connect to localhost/[0:0:0:0:0:0:0:1]:23306&#10;Build info: version: &apos;3.141.5&apos;, revision: &apos;d54ebd709a&apos;, time: &apos;2018-11-06T11:42:16&apos;&#10;System info: host: &apos;DESKTOP-C6OQV70&apos;, ip: &apos;192.168.0.193&apos;, os.name: &apos;Windows 11&apos;, os.arch: &apos;amd64&apos;, os.version: &apos;10.0&apos;, java.version: &apos;18&apos;&#10;Driver info: driver.version: RemoteWebDriver" type="org.openqa.selenium.WebDriverException">org.openqa.selenium.WebDriverException: 
java.net.ConnectException: Failed to connect to localhost/[0:0:0:0:0:0:0:1]:23306
Build info: version: '3.141.5', revision: 'd54ebd709a', time: '2018-11-06T11:42:16'
System info: host: 'DESKTOP-C6OQV70', ip: '192.168.0.193', os.name: 'Windows 11', os.arch: 'amd64', os.version: '10.0', java.version: '18'
Driver info: driver.version: RemoteWebDriver
	at com.saucedemo.swaglabs.testCases.InfiniteScroll.infiniteScroll(InfiniteScroll.java:42)
Caused by: java.net.ConnectException: Failed to connect to localhost/[0:0:0:0:0:0:0:1]:23306
	at com.saucedemo.swaglabs.testCases.InfiniteScroll.infiniteScroll(InfiniteScroll.java:42)
Caused by: java.net.ConnectException: Connection refused: no further information
	at com.saucedemo.swaglabs.testCases.InfiniteScroll.infiniteScroll(InfiniteScroll.java:42)
</failure>
    <system-out><![CDATA[ 
Given http://the-internet.herokuapp.com/infinite_scroll
Link is valid
]]></system-out>
    <system-err><![CDATA[Starting ChromeDriver 100.0.4896.60 (6a5d10861ce8de5fce22564658033b43cb7de047-refs/branch-heads/4896@{#875}) on port 23306
Only local connections are allowed.
Please see https://chromedriver.chromium.org/security-considerations for suggestions on keeping ChromeDriver safe.
ChromeDriver was started successfully.
Apr 15, 2022 12:57:09 PM org.openqa.selenium.remote.ProtocolHandshake createSession
INFO: Detected dialect: W3C
]]></system-err>
  </testcase>
  <testcase name="afterClass" classname="com.saucedemo.swaglabs.testCases.InfiniteScroll" time="18.089">
    <failure message="java.net.ConnectException: Failed to connect to localhost/[0:0:0:0:0:0:0:1]:23306&#10;Build info: version: &apos;3.141.5&apos;, revision: &apos;d54ebd709a&apos;, time: &apos;2018-11-06T11:42:16&apos;&#10;System info: host: &apos;DESKTOP-C6OQV70&apos;, ip: &apos;192.168.0.193&apos;, os.name: &apos;Windows 11&apos;, os.arch: &apos;amd64&apos;, os.version: &apos;10.0&apos;, java.version: &apos;18&apos;&#10;Driver info: driver.version: RemoteWebDriver" type="org.openqa.selenium.WebDriverException">org.openqa.selenium.WebDriverException: 
java.net.ConnectException: Failed to connect to localhost/[0:0:0:0:0:0:0:1]:23306
Build info: version: '3.141.5', revision: 'd54ebd709a', time: '2018-11-06T11:42:16'
System info: host: 'DESKTOP-C6OQV70', ip: '192.168.0.193', os.name: 'Windows 11', os.arch: 'amd64', os.version: '10.0', java.version: '18'
Driver info: driver.version: RemoteWebDriver
Caused by: java.net.ConnectException: Failed to connect to localhost/[0:0:0:0:0:0:0:1]:23306
Caused by: java.net.ConnectException: Connection refused: no further information
</failure>
    <system-out><![CDATA[ 
]]></system-out>
  </testcase>
  <testcase name="digestAuthentication" classname="com.saucedemo.swaglabs.testCases.DigestAuthentication" time="9.503"/>
  <testcase name="input" classname="com.saucedemo.swaglabs.testCases.Input" time="11.098"/>
  <testcase name="disappearingElements" classname="com.saucedemo.swaglabs.testCases.DisappearingElements" time="27.745"/>
  <testcase name="javaScriptAlert" classname="com.saucedemo.swaglabs.testCases.JavaScriptAlert" time="27.947"/>
  <testcase name="mouseHover" classname="com.saucedemo.swaglabs.testCases.MouseHover" time="19.84"/>
  <testcase name="multipleWindows" classname="com.saucedemo.swaglabs.testCases.MultipleWindows" time="19.141"/>
  <testcase name="nestedFrames" classname="com.saucedemo.swaglabs.testCases.NestedFrames" time="18.723"/>
  <testcase name="notificationMessage" classname="com.saucedemo.swaglabs.testCases.NotificationMessage" time="18.011"/>
  <testcase name="redirectLink" classname="com.saucedemo.swaglabs.testCases.RedirectLink" time="54.327"/>
  <testcase name="screenshotOfWebpage" classname="com.saucedemo.swaglabs.testCases.ScreenshotOfWebpage" time="0.759">
    <failure message="Destination &apos;G:\Talha\SQA\Github\sqabdautomation\Java\Talha\swaglabs\Images&apos; directory cannot be created" type="java.io.IOException">java.io.IOException: Destination 'G:\Talha\SQA\Github\sqabdautomation\Java\Talha\swaglabs\Images' directory cannot be created
	at com.saucedemo.swaglabs.testCases.ScreenshotOfWebpage.screenshotOfWebpage(ScreenshotOfWebpage.java:20)
</failure>
    <system-out><![CDATA[ 
]]></system-out>
    <system-err><![CDATA[Starting ChromeDriver 100.0.4896.60 (6a5d10861ce8de5fce22564658033b43cb7de047-refs/branch-heads/4896@{#875}) on port 8343
Only local connections are allowed.
Please see https://chromedriver.chromium.org/security-considerations for suggestions on keeping ChromeDriver safe.
ChromeDriver was started successfully.
Apr 15, 2022 1:01:54 PM org.openqa.selenium.remote.ProtocolHandshake createSession
INFO: Detected dialect: W3C
]]></system-err>
  </testcase>
  <testcase name="screenshotOfAnElement" classname="com.saucedemo.swaglabs.testCases.ScreenshotOfAnElement" time="0.182">
    <failure message="Destination &apos;G:\Talha\SQA\Github\sqabdautomation\Java\Talha\swaglabs\Images&apos; directory cannot be created" type="java.io.IOException">java.io.IOException: Destination 'G:\Talha\SQA\Github\sqabdautomation\Java\Talha\swaglabs\Images' directory cannot be created
	at com.saucedemo.swaglabs.testCases.ScreenshotOfAnElement.screenshotOfAnElement(ScreenshotOfAnElement.java:37)
</failure>
    <system-out><![CDATA[ 
]]></system-out>
    <system-err><![CDATA[Starting ChromeDriver 100.0.4896.60 (6a5d10861ce8de5fce22564658033b43cb7de047-refs/branch-heads/4896@{#875}) on port 12236
Only local connections are allowed.
Please see https://chromedriver.chromium.org/security-considerations for suggestions on keeping ChromeDriver safe.
ChromeDriver was started successfully.
Apr 15, 2022 1:02:01 PM org.openqa.selenium.remote.ProtocolHandshake createSession
INFO: Detected dialect: W3C
]]></system-err>
  </testcase>
  <testcase name="fullPageScreenShot" classname="com.saucedemo.swaglabs.testCases.FullPageScreenShot" time="4.324">
    <failure message="Can&apos;t create an ImageOutputStream!" type="javax.imageio.IIOException">javax.imageio.IIOException: Can't create an ImageOutputStream!
	at com.saucedemo.swaglabs.testCases.FullPageScreenShot.fullPageScreenShot(FullPageScreenShot.java:26)
</failure>
    <system-out><![CDATA[ 
]]></system-out>
    <system-err><![CDATA[Starting ChromeDriver 100.0.4896.60 (6a5d10861ce8de5fce22564658033b43cb7de047-refs/branch-heads/4896@{#875}) on port 7671
Only local connections are allowed.
Please see https://chromedriver.chromium.org/security-considerations for suggestions on keeping ChromeDriver safe.
ChromeDriver was started successfully.
Apr 15, 2022 1:02:07 PM org.openqa.selenium.remote.ProtocolHandshake createSession
INFO: Detected dialect: W3C
java.io.FileNotFoundException: G:\Talha\SQA\Github\sqabdautomation\Java\Talha\swaglabs\Images\Screenshot12.png (The system cannot find the path specified)
	at java.base/java.io.RandomAccessFile.open0(Native Method)
	at java.base/java.io.RandomAccessFile.open(RandomAccessFile.java:344)
	at java.base/java.io.RandomAccessFile.<init>(RandomAccessFile.java:259)
	at java.base/java.io.RandomAccessFile.<init>(RandomAccessFile.java:213)
	at java.desktop/javax.imageio.stream.FileImageOutputStream.<init>(FileImageOutputStream.java:69)
	at java.desktop/com.sun.imageio.spi.FileImageOutputStreamSpi.createOutputStreamInstance(FileImageOutputStreamSpi.java:55)
	at java.desktop/javax.imageio.ImageIO.createImageOutputStream(ImageIO.java:421)
	at java.desktop/javax.imageio.ImageIO.write(ImageIO.java:1551)
	at com.saucedemo.swaglabs.testCases.FullPageScreenShot.fullPageScreenShot(FullPageScreenShot.java:26)
	at java.base/jdk.internal.reflect.DirectMethodHandleAccessor.invoke(DirectMethodHandleAccessor.java:104)
	at java.base/java.lang.reflect.Method.invoke(Method.java:577)
	at org.testng.internal.MethodInvocationHelper.invokeMethod(MethodInvocationHelper.java:124)
	at org.testng.internal.Invoker.invokeMethod(Invoker.java:583)
	at org.testng.internal.Invoker.invokeTestMethod(Invoker.java:719)
	at org.testng.internal.Invoker.invokeTestMethods(Invoker.java:989)
	at org.testng.internal.TestMethodWorker.invokeTestMethods(TestMethodWorker.java:125)
	at org.testng.internal.TestMethodWorker.run(TestMethodWorker.java:109)
	at org.testng.TestRunner.privateRun(TestRunner.java:648)
	at org.testng.TestRunner.run(TestRunner.java:505)
	at org.testng.SuiteRunner.runTest(SuiteRunner.java:455)
	at org.testng.SuiteRunner.runSequentially(SuiteRunner.java:450)
	at org.testng.SuiteRunner.privateRun(SuiteRunner.java:415)
	at org.testng.SuiteRunner.run(SuiteRunner.java:364)
	at org.testng.SuiteRunnerWorker.runSuite(SuiteRunnerWorker.java:52)
	at org.testng.SuiteRunnerWorker.run(SuiteRunnerWorker.java:84)
	at org.testng.TestNG.runSuitesSequentially(TestNG.java:1208)
	at org.testng.TestNG.runSuitesLocally(TestNG.java:1137)
	at org.testng.TestNG.runSuites(TestNG.java:1049)
	at org.testng.TestNG.run(TestNG.java:1017)
	at org.apache.maven.surefire.testng.TestNGExecutor.run(TestNGExecutor.java:281)
	at org.apache.maven.surefire.testng.TestNGXmlTestSuite.execute(TestNGXmlTestSuite.java:75)
	at org.apache.maven.surefire.testng.TestNGProvider.invoke(TestNGProvider.java:121)
	at org.apache.maven.surefire.booter.ForkedBooter.invokeProviderInSameClassLoader(ForkedBooter.java:290)
	at org.apache.maven.surefire.booter.ForkedBooter.runSuitesInProcess(ForkedBooter.java:242)
	at org.apache.maven.surefire.booter.ForkedBooter.main(ForkedBooter.java:121)
]]></system-err>
  </testcase>
</testsuite>