<?xml version="1.0" encoding="UTF-8"?>
<!-- Generated by org.testng.reporters.JUnitReportReporter -->
<testsuite hostname="DESKTOP-C6OQV70" failures="0" tests="1" name="com.saucedemo.swaglabs.testCases.HorizontalSlider" time="23.519" errors="0" timestamp="16 Apr 2023 20:13:04 GMT" skipped="0">
  <testcase classname="com.saucedemo.swaglabs.testCases.HorizontalSlider" name="horizontalSlider" time="23.519"/>
</testsuite> <!-- com.saucedemo.swaglabs.testCases.HorizontalSlider -->
