<?xml version="1.0" encoding="UTF-8"?>
<!-- Generated by org.testng.reporters.JUnitReportReporter -->
<testsuite hostname="DESKTOP-C6OQV70" failures="0" tests="1" name="com.saucedemo.swaglabs.testCases.DynamicContent" time="16.849" errors="0" timestamp="21 Oct 2022 05:17:18 GMT" skipped="0">
  <testcase classname="com.saucedemo.swaglabs.testCases.DynamicContent" name="dynamicContent" time="16.849"/>
</testsuite> <!-- com.saucedemo.swaglabs.testCases.DynamicContent -->
