<?xml version="1.0" encoding="UTF-8"?>
<!-- Generated by org.testng.reporters.JUnitReportReporter -->
<testsuite hostname="DESKTOP-C6OQV70" failures="0" tests="1" name="com.saucedemo.swaglabs.testCases.BrokenImage" time="23.548" errors="0" timestamp="21 Oct 2022 05:17:18 GMT" skipped="0">
  <testcase classname="com.saucedemo.swaglabs.testCases.BrokenImage" name="brokenImage" time="23.548"/>
</testsuite> <!-- com.saucedemo.swaglabs.testCases.BrokenImage -->
