<?xml version="1.0" encoding="UTF-8"?>
<!-- Generated by org.testng.reporters.JUnitReportReporter -->
<testsuite hostname="DESKTOP-C6OQV70" failures="0" tests="1" name="com.saucedemo.swaglabs.testCases.FormAuth" time="40.313" errors="0" timestamp="08 Apr 2023 21:43:51 GMT" skipped="0">
  <testcase classname="com.saucedemo.swaglabs.testCases.FormAuth" name="formAuth" time="40.313"/>
</testsuite> <!-- com.saucedemo.swaglabs.testCases.FormAuth -->
