<?xml version="1.0" encoding="UTF-8"?>
<!-- Generated by org.testng.reporters.JUnitReportReporter -->
<testsuite hostname="DESKTOP-C6OQV70" failures="0" tests="1" name="com.saucedemo.swaglabs.testCases.DynamicContent" time="27.855" errors="0" timestamp="08 Apr 2023 21:43:51 GMT" skipped="0">
  <testcase classname="com.saucedemo.swaglabs.testCases.DynamicContent" name="dynamicContent" time="27.855"/>
</testsuite> <!-- com.saucedemo.swaglabs.testCases.DynamicContent -->
