<?xml version="1.0" encoding="UTF-8"?>
<!-- Generated by org.testng.reporters.JUnitReportReporter -->
<testsuite hostname="DESKTOP-C6OQV70" failures="0" tests="1" name="com.saucedemo.swaglabs.testCases.FormAuth" time="26.820" errors="0" timestamp="21 Oct 2022 05:17:18 GMT" skipped="0">
  <testcase classname="com.saucedemo.swaglabs.testCases.FormAuth" name="formAuth" time="26.820"/>
</testsuite> <!-- com.saucedemo.swaglabs.testCases.FormAuth -->
