<?xml version="1.0" encoding="UTF-8"?>
<!-- Generated by org.testng.reporters.JUnitReportReporter -->
<testsuite hostname="DESKTOP-C6OQV70" failures="0" tests="1" name="com.saucedemo.swaglabs.testCases.DropDown" time="30.407" errors="0" timestamp="15 Apr 2022 07:02:18 GMT" skipped="0">
  <testcase classname="com.saucedemo.swaglabs.testCases.DropDown" name="dropDown" time="30.407"/>
</testsuite> <!-- com.saucedemo.swaglabs.testCases.DropDown -->
