<?xml version="1.0" encoding="UTF-8"?>
<!-- Generated by org.testng.reporters.JUnitReportReporter -->
<testsuite hostname="DESKTOP-C6OQV70" failures="0" tests="1" name="com.saucedemo.swaglabs.testCases.MultipleWindows" time="23.649" errors="0" timestamp="15 Apr 2022 07:02:18 GMT" skipped="0">
  <testcase classname="com.saucedemo.swaglabs.testCases.MultipleWindows" name="multipleWindows" time="23.649"/>
</testsuite> <!-- com.saucedemo.swaglabs.testCases.MultipleWindows -->
