<?xml version="1.0" encoding="UTF-8"?>
<!-- Generated by org.testng.reporters.JUnitReportReporter -->
<testsuite hostname="DESKTOP-C6OQV70" failures="0" tests="1" name="com.saucedemo.swaglabs.testCases.RedirectLink" time="85.992" errors="0" timestamp="16 Apr 2023 20:13:04 GMT" skipped="0">
  <testcase classname="com.saucedemo.swaglabs.testCases.RedirectLink" name="redirectLink" time="85.992"/>
</testsuite> <!-- com.saucedemo.swaglabs.testCases.RedirectLink -->
